<?xml version="1.0" encoding="UTF-8"?>
<testsuite xmlns:xsi="http://www.w3.org/2001/XMLSchema-instance" xsi:noNamespaceSchemaLocation="https://maven.apache.org/surefire/maven-surefire-plugin/xsd/surefire-test-report-3.0.xsd" version="3.0" name="com.tcna.holamundo.HolamundoSpringbootApplicationTests" time="5.593" tests="1" errors="0" skipped="0" failures="0">
  <properties>
[...]
</properties>
  <testcase name="contextLoads" classname="com.tcna.holamundo.HolamundoSpringbootApplicationTests" time="1.55">
    <system-out><![CDATA[02:18:21.729 [main] INFO org.springframework.test.context.support.AnnotationConfigContextLoaderUtils -- Could not detect default configuration classes for test class [com.tcna.holamundo.HolamundoSpringbootApplicationTests]: HolamundoSpringbootApplicationTests does not declare any static, non-private, non-final, nested classes annotated with @Configuration.
02:18:21.963 [main] INFO org.springframework.boot.test.context.SpringBootTestContextBootstrapper -- Found @SpringBootConfiguration com.tcna.holamundo.HolamundoSpringbootApplication for test class com.tcna.holamundo.HolamundoSpringbootApplicationTests

  .   ____          _            __ _ _
 /\\ / ___'_ __ _ _(_)_ __  __ _ \ \ \ \
( ( )\___ | '_ | '_| | '_ \/ _` | \ \ \ \
 \\/  ___)| |_)| | | | | || (_| |  ) ) ) )
  '  |____| .__|_| |_|_| |_\__, | / / / /
 =========|_|==============|___/=/_/_/_/

 :: Spring Boot ::                (v3.3.4)

2024-10-17T02:18:22.886+02:00  INFO 12808 --- [holamundo-springboot] [           main] .t.h.HolamundoSpringbootApplicationTests : Starting HolamundoSpringbootApplicationTests using Java 23 with PID 12808 (started by Diego in C:\Users\Diego\Desktop\Projects\SPRING BOOT\holamundo-springboot\holamundo-springboot)
2024-10-17T02:18:22.889+02:00  INFO 12808 --- [holamundo-springboot] [           main] .t.h.HolamundoSpringbootApplicationTests : No active profile set, falling back to 1 default profile: "default"
2024-10-17T02:18:25.429+02:00  INFO 12808 --- [holamundo-springboot] [           main] .t.h.HolamundoSpringbootApplicationTests : Started HolamundoSpringbootApplicationTests in 3.197 seconds (process running for 4.973)
]]></system-out>
    <system-err><![CDATA[WARNING: A Java agent has been loaded dynamically (C:\Users\Diego\.m2\repository\net\bytebuddy\byte-buddy-agent\1.14.19\byte-buddy-agent-1.14.19.jar)
WARNING: If a serviceability tool is in use, please run with -XX:+EnableDynamicAgentLoading to hide this warning
WARNING: If a serviceability tool is not in use, please run with -Djdk.instrument.traceUsage for more information
WARNING: Dynamic loading of agents will be disallowed by default in a future release
]]></system-err>
  </testcase>
</testsuite>